Determining if the pthread_create exist failed with the following output:
Change Dir: /home/ubuntu/courseW1_ws/build/CMakeFiles/CMakeTmp

Run Build Command:"/usr/bin/make" "cmTC_81e59/fast"
/usr/bin/make -f CMakeFiles/cmTC_81e59.dir/build.make CMakeFiles/cmTC_81e59.dir/build
make[1]: Entering directory '/home/ubuntu/courseW1_ws/build/CMakeFiles/CMakeTmp'
Building C object CMakeFiles/cmTC_81e59.dir/CheckSymbolExists.c.o
/usr/bin/cc     -o CMakeFiles/cmTC_81e59.dir/CheckSymbolExists.c.o   -c /home/ubuntu/courseW1_ws/build/CMakeFiles/CMakeTmp/CheckSymbolExists.c
Linking C executable cmTC_81e59
/usr/bin/cmake -E cmake_link_script CMakeFiles/cmTC_81e59.dir/link.txt --verbose=1
/usr/bin/cc       CMakeFiles/cmTC_81e59.dir/CheckSymbolExists.c.o  -o cmTC_81e59 -rdynamic 
CMakeFiles/cmTC_81e59.dir/CheckSymbolExists.c.o: In function `main':
CheckSymbolExists.c:(.text+0xe): undefined reference to `pthread_create'
CheckSymbolExists.c:(.text+0x12): undefined reference to `pthread_create'
collect2: error: ld returned 1 exit status
CMakeFiles/cmTC_81e59.dir/build.make:97: recipe for target 'cmTC_81e59' failed
make[1]: *** [cmTC_81e59] Error 1
make[1]: Leaving directory '/home/ubuntu/courseW1_ws/build/CMakeFiles/CMakeTmp'
Makefile:126: recipe for target 'cmTC_81e59/fast' failed
make: *** [cmTC_81e59/fast] Error 2

File /home/ubuntu/courseW1_ws/build/CMakeFiles/CMakeTmp/CheckSymbolExists.c:
/* */
#include <pthread.h>

int main(int argc, char** argv)
{
  (void)argv;
#ifndef pthread_create
  return ((int*)(&pthread_create))[argc];
#else
  (void)argc;
  return 0;
#endif
}

Determining if the function pthread_create exists in the pthreads failed with the following output:
Change Dir: /home/ubuntu/courseW1_ws/build/CMakeFiles/CMakeTmp

Run Build Command:"/usr/bin/make" "cmTC_df3dd/fast"
/usr/bin/make -f CMakeFiles/cmTC_df3dd.dir/build.make CMakeFiles/cmTC_df3dd.dir/build
make[1]: Entering directory '/home/ubuntu/courseW1_ws/build/CMakeFiles/CMakeTmp'
Building C object CMakeFiles/cmTC_df3dd.dir/CheckFunctionExists.c.o
/usr/bin/cc    -DCHECK_FUNCTION_EXISTS=pthread_create   -o CMakeFiles/cmTC_df3dd.dir/CheckFunctionExists.c.o   -c /usr/share/cmake-3.5/Modules/CheckFunctionExists.c
Linking C executable cmTC_df3dd
/usr/bin/cmake -E cmake_link_script CMakeFiles/cmTC_df3dd.dir/link.txt --verbose=1
/usr/bin/cc   -DCHECK_FUNCTION_EXISTS=pthread_create    CMakeFiles/cmTC_df3dd.dir/CheckFunctionExists.c.o  -o cmTC_df3dd -rdynamic -lpthreads 
/usr/bin/ld: cannot find -lpthreads
collect2: error: ld returned 1 exit status
CMakeFiles/cmTC_df3dd.dir/build.make:97: recipe for target 'cmTC_df3dd' failed
make[1]: *** [cmTC_df3dd] Error 1
make[1]: Leaving directory '/home/ubuntu/courseW1_ws/build/CMakeFiles/CMakeTmp'
Makefile:126: recipe for target 'cmTC_df3dd/fast' failed
make: *** [cmTC_df3dd/fast] Error 2


